This is pdfTeX, Version 3.14159265-2.6-1.40.18 (TeX Live 2017) (preloaded format=pdflatex 2017.5.23)  28 JAN 2018 23:02
entering extended mode
 restricted \write18 enabled.
 %&-line parsing enabled.
**faces.tex
(./faces.tex
LaTeX2e <2017-04-15>
Babel <3.10> and hyphenation patterns for 84 language(s) loaded.
(/usr/local/texlive/2017/texmf-dist/tex/latex/base/article.cls
Document Class: article 2014/09/29 v1.4h Standard LaTeX document class
(/usr/local/texlive/2017/texmf-dist/tex/latex/base/size10.clo
File: size10.clo 2014/09/29 v1.4h Standard LaTeX file (size option)
)
\c@part=\count79
\c@section=\count80
\c@subsection=\count81
\c@subsubsection=\count82
\c@paragraph=\count83
\c@subparagraph=\count84
\c@figure=\count85
\c@table=\count86
\abovecaptionskip=\skip41
\belowcaptionskip=\skip42
\bibindent=\dimen102
)
(/usr/local/texlive/2017/texmf-dist/tex/latex/fancyhdr/fancyhdr.sty
Package: fancyhdr 2016/09/06 3.8 Extensive control of page headers and footers
\fancy@headwidth=\skip43
\f@ncyO@elh=\skip44
\f@ncyO@erh=\skip45
\f@ncyO@olh=\skip46
\f@ncyO@orh=\skip47
\f@ncyO@elf=\skip48
\f@ncyO@erf=\skip49
\f@ncyO@olf=\skip50
\f@ncyO@orf=\skip51
)
(/usr/local/texlive/2017/texmf-dist/tex/latex/lastpage/lastpage.sty
Package: lastpage 2015/03/29 v1.2m Refers to last page's name (HMM; JPG)
)
(/usr/local/texlive/2017/texmf-dist/tex/latex/fancyhdr/extramarks.sty
Package: extramarks 2016/08/27 2.1 Extra marks
\@temptokenb=\toks14
)
(/usr/local/texlive/2017/texmf-dist/tex/latex/graphics/color.sty
Package: color 2016/07/10 v1.1e Standard LaTeX Color (DPC)

(/usr/local/texlive/2017/texmf-dist/tex/latex/graphics-cfg/color.cfg
File: color.cfg 2016/01/02 v1.6 sample color configuration
)
Package color Info: Driver file: pdftex.def on input line 147.

(/usr/local/texlive/2017/texmf-dist/tex/latex/graphics-def/pdftex.def
File: pdftex.def 2017/01/12 v0.06k Graphics/color for pdfTeX

(/usr/local/texlive/2017/texmf-dist/tex/generic/oberdiek/infwarerr.sty
Package: infwarerr 2016/05/16 v1.4 Providing info/warning/error messages (HO)
)
(/usr/local/texlive/2017/texmf-dist/tex/generic/oberdiek/ltxcmds.sty
Package: ltxcmds 2016/05/16 v1.23 LaTeX kernel commands for general use (HO)
)
\Gread@gobject=\count87
)
(/usr/local/texlive/2017/texmf-dist/tex/latex/graphics/dvipsnam.def
File: dvipsnam.def 2016/06/17 v3.0m Driver-dependent file (DPC,SPQR)
))
(/usr/local/texlive/2017/texmf-dist/tex/latex/graphics/graphicx.sty
Package: graphicx 2014/10/28 v1.0g Enhanced LaTeX Graphics (DPC,SPQR)

(/usr/local/texlive/2017/texmf-dist/tex/latex/graphics/keyval.sty
Package: keyval 2014/10/28 v1.15 key=value parser (DPC)
\KV@toks@=\toks15
)
(/usr/local/texlive/2017/texmf-dist/tex/latex/graphics/graphics.sty
Package: graphics 2017/04/14 v1.1b Standard LaTeX Graphics (DPC,SPQR)

(/usr/local/texlive/2017/texmf-dist/tex/latex/graphics/trig.sty
Package: trig 2016/01/03 v1.10 sin cos tan (DPC)
)
(/usr/local/texlive/2017/texmf-dist/tex/latex/graphics-cfg/graphics.cfg
File: graphics.cfg 2016/06/04 v1.11 sample graphics configuration
)
Package graphics Info: Driver file: pdftex.def on input line 99.
)
\Gin@req@height=\dimen103
\Gin@req@width=\dimen104
)
(/usr/local/texlive/2017/texmf-dist/tex/latex/caption/subcaption.sty
Package: subcaption 2016/05/22 v1.1-161 Sub-captions (AR)

(/usr/local/texlive/2017/texmf-dist/tex/latex/caption/caption.sty
Package: caption 2016/02/21 v3.3-144 Customizing captions (AR)

(/usr/local/texlive/2017/texmf-dist/tex/latex/caption/caption3.sty
Package: caption3 2016/05/22 v1.7-166 caption3 kernel (AR)
Package caption3 Info: TeX engine: e-TeX on input line 67.
\captionmargin=\dimen105
\captionmargin@=\dimen106
\captionwidth=\dimen107
\caption@tempdima=\dimen108
\caption@indent=\dimen109
\caption@parindent=\dimen110
\caption@hangindent=\dimen111
)
\c@ContinuedFloat=\count88
)
\c@subfigure=\count89
\c@subtable=\count90
)
(/usr/local/texlive/2017/texmf-dist/tex/latex/listings/listings.sty
\lst@mode=\count91
\lst@gtempboxa=\box26
\lst@token=\toks16
\lst@length=\count92
\lst@currlwidth=\dimen112
\lst@column=\count93
\lst@pos=\count94
\lst@lostspace=\dimen113
\lst@width=\dimen114
\lst@newlines=\count95
\lst@lineno=\count96
\lst@maxwidth=\dimen115

(/usr/local/texlive/2017/texmf-dist/tex/latex/listings/lstmisc.sty
File: lstmisc.sty 2015/06/04 1.6 (Carsten Heinz)
\c@lstnumber=\count97
\lst@skipnumbers=\count98
\lst@framebox=\box27
)
(/usr/local/texlive/2017/texmf-dist/tex/latex/listings/listings.cfg
File: listings.cfg 2015/06/04 1.6 listings configuration
))
Package: listings 2015/06/04 1.6 (Carsten Heinz)

(/usr/local/texlive/2017/texmf-dist/tex/latex/psnfss/courier.sty
Package: courier 2005/04/12 PSNFSS-v9.2a (WaS) 
)
(/usr/local/texlive/2017/texmf-dist/tex/latex/lipsum/lipsum.sty
Package: lipsum 2014/07/27 v1.3 150 paragraphs of Lorem Ipsum dummy text
\c@lips@count=\count99
)
(/usr/local/texlive/2017/texmf-dist/tex/latex/amsmath/amsmath.sty
Package: amsmath 2016/11/05 v2.16a AMS math features
\@mathmargin=\skip52

For additional information on amsmath, use the `?' option.
(/usr/local/texlive/2017/texmf-dist/tex/latex/amsmath/amstext.sty
Package: amstext 2000/06/29 v2.01 AMS text

(/usr/local/texlive/2017/texmf-dist/tex/latex/amsmath/amsgen.sty
File: amsgen.sty 1999/11/30 v2.0 generic functions
\@emptytoks=\toks17
\ex@=\dimen116
))
(/usr/local/texlive/2017/texmf-dist/tex/latex/amsmath/amsbsy.sty
Package: amsbsy 1999/11/29 v1.2d Bold Symbols
\pmbraise@=\dimen117
)
(/usr/local/texlive/2017/texmf-dist/tex/latex/amsmath/amsopn.sty
Package: amsopn 2016/03/08 v2.02 operator names
)
\inf@bad=\count100
LaTeX Info: Redefining \frac on input line 213.
\uproot@=\count101
\leftroot@=\count102
LaTeX Info: Redefining \overline on input line 375.
\classnum@=\count103
\DOTSCASE@=\count104
LaTeX Info: Redefining \ldots on input line 472.
LaTeX Info: Redefining \dots on input line 475.
LaTeX Info: Redefining \cdots on input line 596.
\Mathstrutbox@=\box28
\strutbox@=\box29
\big@size=\dimen118
LaTeX Font Info:    Redeclaring font encoding OML on input line 712.
LaTeX Font Info:    Redeclaring font encoding OMS on input line 713.
\macc@depth=\count105
\c@MaxMatrixCols=\count106
\dotsspace@=\muskip10
\c@parentequation=\count107
\dspbrk@lvl=\count108
\tag@help=\toks18
\row@=\count109
\column@=\count110
\maxfields@=\count111
\andhelp@=\toks19
\eqnshift@=\dimen119
\alignsep@=\dimen120
\tagshift@=\dimen121
\tagwidth@=\dimen122
\totwidth@=\dimen123
\lineht@=\dimen124
\@envbody=\toks20
\multlinegap=\skip53
\multlinetaggap=\skip54
\mathdisplay@stack=\toks21
LaTeX Info: Redefining \[ on input line 2817.
LaTeX Info: Redefining \] on input line 2818.
)
(/usr/local/texlive/2017/texmf-dist/tex/latex/tools/bm.sty
Package: bm 2017/01/16 v1.2c Bold Symbol Support (DPC/FMi)
\symboldoperators=\mathgroup4
\symboldletters=\mathgroup5
\symboldsymbols=\mathgroup6
LaTeX Font Info:    Redeclaring math alphabet \mathbf on input line 141.
LaTeX Info: Redefining \bm on input line 207.
)
(/usr/local/texlive/2017/texmf-dist/tex/latex/tools/array.sty
Package: array 2016/10/06 v2.4d Tabular extension package (FMi)
\col@sep=\dimen125
\extrarowheight=\dimen126
\NC@list=\toks22
\extratabsurround=\skip55
\backup@length=\skip56
)
(/usr/local/texlive/2017/texmf-dist/tex/latex/listings/lstlang1.sty
File: lstlang1.sty 2015/06/04 1.6 listings language file
)
\c@homeworkProblemCounter=\count112

(./faces.aux

LaTeX Warning: Label `fig:c1' multiply defined.


LaTeX Warning: Label `sub@fig:c1' multiply defined.


LaTeX Warning: Label `fig:c2' multiply defined.


LaTeX Warning: Label `sub@fig:c2' multiply defined.


LaTeX Warning: Label `fig:c4' multiply defined.


LaTeX Warning: Label `sub@fig:c4' multiply defined.


LaTeX Warning: Label `fig:c5' multiply defined.


LaTeX Warning: Label `sub@fig:c5' multiply defined.


LaTeX Warning: Label `fig:c1' multiply defined.


LaTeX Warning: Label `sub@fig:c1' multiply defined.


LaTeX Warning: Label `fig:c2' multiply defined.


LaTeX Warning: Label `sub@fig:c2' multiply defined.


LaTeX Warning: Label `fig:c3' multiply defined.


LaTeX Warning: Label `sub@fig:c3' multiply defined.


LaTeX Warning: Label `fig:c4' multiply defined.


LaTeX Warning: Label `sub@fig:c4' multiply defined.


LaTeX Warning: Label `fig:c5' multiply defined.


LaTeX Warning: Label `sub@fig:c5' multiply defined.


LaTeX Warning: Label `fig:c6' multiply defined.


LaTeX Warning: Label `sub@fig:c6' multiply defined.


LaTeX Warning: Label `fig:c1' multiply defined.


LaTeX Warning: Label `sub@fig:c1' multiply defined.


LaTeX Warning: Label `fig:c2' multiply defined.


LaTeX Warning: Label `sub@fig:c2' multiply defined.


LaTeX Warning: Label `fig:c3' multiply defined.


LaTeX Warning: Label `sub@fig:c3' multiply defined.


LaTeX Warning: Label `fig:c4' multiply defined.


LaTeX Warning: Label `sub@fig:c4' multiply defined.


LaTeX Warning: Label `fig:c5' multiply defined.


LaTeX Warning: Label `sub@fig:c5' multiply defined.


LaTeX Warning: Label `fig:c6' multiply defined.


LaTeX Warning: Label `sub@fig:c6' multiply defined.


LaTeX Warning: Label `fig:c1' multiply defined.


LaTeX Warning: Label `sub@fig:c1' multiply defined.


LaTeX Warning: Label `fig:c2' multiply defined.


LaTeX Warning: Label `sub@fig:c2' multiply defined.


LaTeX Warning: Label `fig:c1' multiply defined.


LaTeX Warning: Label `sub@fig:c1' multiply defined.


LaTeX Warning: Label `fig:c2' multiply defined.


LaTeX Warning: Label `sub@fig:c2' multiply defined.


LaTeX Warning: Label `fig:c1' multiply defined.


LaTeX Warning: Label `sub@fig:c1' multiply defined.


LaTeX Warning: Label `fig:c2' multiply defined.


LaTeX Warning: Label `sub@fig:c2' multiply defined.


LaTeX Warning: Label `fig:c1' multiply defined.


LaTeX Warning: Label `sub@fig:c1' multiply defined.


LaTeX Warning: Label `fig:c2' multiply defined.


LaTeX Warning: Label `sub@fig:c2' multiply defined.


LaTeX Warning: Label `fig:c1' multiply defined.


LaTeX Warning: Label `sub@fig:c1' multiply defined.


LaTeX Warning: Label `fig:c2' multiply defined.


LaTeX Warning: Label `sub@fig:c2' multiply defined.


LaTeX Warning: Label `fig:c3' multiply defined.


LaTeX Warning: Label `sub@fig:c3' multiply defined.


LaTeX Warning: Label `fig:c4' multiply defined.


LaTeX Warning: Label `sub@fig:c4' multiply defined.


LaTeX Warning: Label `fig:c5' multiply defined.


LaTeX Warning: Label `sub@fig:c5' multiply defined.


LaTeX Warning: Label `fig:c6' multiply defined.


LaTeX Warning: Label `sub@fig:c6' multiply defined.

)
\openout1 = `faces.aux'.

LaTeX Font Info:    Checking defaults for OML/cmm/m/it on input line 177.
LaTeX Font Info:    ... okay on input line 177.
LaTeX Font Info:    Checking defaults for T1/cmr/m/n on input line 177.
LaTeX Font Info:    ... okay on input line 177.
LaTeX Font Info:    Checking defaults for OT1/cmr/m/n on input line 177.
LaTeX Font Info:    ... okay on input line 177.
LaTeX Font Info:    Checking defaults for OMS/cmsy/m/n on input line 177.
LaTeX Font Info:    ... okay on input line 177.
LaTeX Font Info:    Checking defaults for OMX/cmex/m/n on input line 177.
LaTeX Font Info:    ... okay on input line 177.
LaTeX Font Info:    Checking defaults for U/cmr/m/n on input line 177.
LaTeX Font Info:    ... okay on input line 177.
Package lastpage Info: Please have a look at the pageslts package at
(lastpage)             https://www.ctan.org/pkg/pageslts
(lastpage)             ! on input line 177.
 (/usr/local/texlive/2017/texmf-dist/tex/context/base/mkii/supp-pdf.mkii
[Loading MPS to PDF converter (version 2006.09.02).]
\scratchcounter=\count113
\scratchdimen=\dimen127
\scratchbox=\box30
\nofMPsegments=\count114
\nofMParguments=\count115
\everyMPshowfont=\toks23
\MPscratchCnt=\count116
\MPscratchDim=\dimen128
\MPnumerator=\count117
\makeMPintoPDFobject=\count118
\everyMPtoPDFconversion=\toks24
) (/usr/local/texlive/2017/texmf-dist/tex/generic/oberdiek/pdftexcmds.sty
Package: pdftexcmds 2017/03/19 v0.25 Utility functions of pdfTeX for LuaTeX (HO
)

(/usr/local/texlive/2017/texmf-dist/tex/generic/oberdiek/ifluatex.sty
Package: ifluatex 2016/05/16 v1.4 Provides the ifluatex switch (HO)
Package ifluatex Info: LuaTeX not detected.
)
(/usr/local/texlive/2017/texmf-dist/tex/generic/oberdiek/ifpdf.sty
Package: ifpdf 2017/03/15 v3.2 Provides the ifpdf switch
)
Package pdftexcmds Info: LuaTeX not detected.
Package pdftexcmds Info: \pdf@primitive is available.
Package pdftexcmds Info: \pdf@ifprimitive is available.
Package pdftexcmds Info: \pdfdraftmode found.
)
(/usr/local/texlive/2017/texmf-dist/tex/latex/oberdiek/epstopdf-base.sty
Package: epstopdf-base 2016/05/15 v2.6 Base part for package epstopdf

(/usr/local/texlive/2017/texmf-dist/tex/latex/oberdiek/grfext.sty
Package: grfext 2016/05/16 v1.2 Manage graphics extensions (HO)

(/usr/local/texlive/2017/texmf-dist/tex/generic/oberdiek/kvdefinekeys.sty
Package: kvdefinekeys 2016/05/16 v1.4 Define keys (HO)
))
(/usr/local/texlive/2017/texmf-dist/tex/latex/oberdiek/kvoptions.sty
Package: kvoptions 2016/05/16 v3.12 Key value format for package options (HO)

(/usr/local/texlive/2017/texmf-dist/tex/generic/oberdiek/kvsetkeys.sty
Package: kvsetkeys 2016/05/16 v1.17 Key value parser (HO)

(/usr/local/texlive/2017/texmf-dist/tex/generic/oberdiek/etexcmds.sty
Package: etexcmds 2016/05/16 v1.6 Avoid name clashes with e-TeX commands (HO)
Package etexcmds Info: Could not find \expanded.
(etexcmds)             That can mean that you are not using pdfTeX 1.50 or
(etexcmds)             that some package has redefined \expanded.
(etexcmds)             In the latter case, load this package earlier.
)))
Package epstopdf-base Info: Redefining graphics rule for `.eps' on input line 4
38.
Package grfext Info: Graphics extension search list:
(grfext)             [.png,.pdf,.jpg,.mps,.jpeg,.jbig2,.jb2,.PNG,.PDF,.JPG,.JPE
G,.JBIG2,.JB2,.eps]
(grfext)             \AppendGraphicsExtensions on input line 456.

(/usr/local/texlive/2017/texmf-dist/tex/latex/latexconfig/epstopdf-sys.cfg
File: epstopdf-sys.cfg 2010/07/13 v1.3 Configuration of (r)epstopdf for TeX Liv
e
))
Package caption Info: Begin \AtBeginDocument code.
Package caption Info: listings package is loaded.
Package caption Info: End \AtBeginDocument code.
\c@lstlisting=\count119

[1

{/usr/local/texlive/2017/texmf-var/fonts/map/pdftex/updmap/pdftex.map}]
LaTeX Font Info:    Try loading font information for OT1+pcr on input line 189.


(/usr/local/texlive/2017/texmf-dist/tex/latex/psnfss/ot1pcr.fd
File: ot1pcr.fd 2001/06/04 font definitions for OT1/pcr.
) [2

]
<figures/cropped/baldwin1.jpg, id=17, 32.12pt x 32.12pt>
File: figures/cropped/baldwin1.jpg Graphic file (type jpg)

<use figures/cropped/baldwin1.jpg>
Package pdftex.def Info: figures/cropped/baldwin1.jpg used on input line 217.
(pdftex.def)             Requested size: 82.20854pt x 82.2151pt.

<figures/cropped/baldwin2.jpg, id=18, 32.12pt x 32.12pt>
File: figures/cropped/baldwin2.jpg Graphic file (type jpg)

<use figures/cropped/baldwin2.jpg>
Package pdftex.def Info: figures/cropped/baldwin2.jpg used on input line 222.
(pdftex.def)             Requested size: 82.20854pt x 82.2151pt.

<figures/cropped/baldwin3.jpg, id=19, 32.12pt x 32.12pt>
File: figures/cropped/baldwin3.jpg Graphic file (type jpg)

<use figures/cropped/baldwin3.jpg>
Package pdftex.def Info: figures/cropped/baldwin3.jpg used on input line 227.
(pdftex.def)             Requested size: 82.20854pt x 82.2151pt.

Overfull \hbox (23.4963pt too wide) in paragraph at lines 215--230
[]$[]$$[]$$[]$ 
 []

<figures/uncropped/baldwin1.jpg, id=20, 202.356pt x 180.675pt>
File: figures/uncropped/baldwin1.jpg Graphic file (type jpg)

<use figures/uncropped/baldwin1.jpg>
Package pdftex.def Info: figures/uncropped/baldwin1.jpg used on input line 233.

(pdftex.def)             Requested size: 82.20854pt x 73.40178pt.

<figures/uncropped/baldwin2.jpg, id=21, 321.2pt x 240.9pt>
File: figures/uncropped/baldwin2.jpg Graphic file (type jpg)

<use figures/uncropped/baldwin2.jpg>
Package pdftex.def Info: figures/uncropped/baldwin2.jpg used on input line 239.

(pdftex.def)             Requested size: 82.20854pt x 61.65474pt.

<figures/uncropped/baldwin3.jpg, id=22, 1337.99875pt x 1368.11125pt>
File: figures/uncropped/baldwin3.jpg Graphic file (type jpg)

<use figures/uncropped/baldwin3.jpg>
Package pdftex.def Info: figures/uncropped/baldwin3.jpg used on input line 245.

(pdftex.def)             Requested size: 82.20854pt x 84.04544pt.

Overfull \hbox (23.4963pt too wide) in paragraph at lines 231--249
[]$[]$$[]$$[]$ 
 []

<figures/cropped/baldwin31.jpg, id=23, 32.12pt x 32.12pt>
File: figures/cropped/baldwin31.jpg Graphic file (type jpg)

<use figures/cropped/baldwin31.jpg>
Package pdftex.def Info: figures/cropped/baldwin31.jpg used on input line 257.
(pdftex.def)             Requested size: 82.20854pt x 82.2151pt.

<figures/cropped/baldwin44.jpg, id=24, 32.12pt x 32.12pt>
File: figures/cropped/baldwin44.jpg Graphic file (type jpg)

<use figures/cropped/baldwin44.jpg>
Package pdftex.def Info: figures/cropped/baldwin44.jpg used on input line 262.
(pdftex.def)             Requested size: 82.20854pt x 82.2151pt.

<figures/uncropped/baldwin31.jpg, id=25, 377.41pt x 491.8375pt>
File: figures/uncropped/baldwin31.jpg Graphic file (type jpg)

<use figures/uncropped/baldwin31.jpg>
Package pdftex.def Info: figures/uncropped/baldwin31.jpg used on input line 268
.
(pdftex.def)             Requested size: 82.20854pt x 107.1314pt.

<figures/uncropped/baldwin44.jpg, id=26, 307.1475pt x 424.58624pt>
File: figures/uncropped/baldwin44.jpg Graphic file (type jpg)

<use figures/uncropped/baldwin44.jpg>
Package pdftex.def Info: figures/uncropped/baldwin44.jpg used on input line 274
.
(pdftex.def)             Requested size: 82.20854pt x 113.6421pt.

<figures/cropped/baldwin34.jpg, id=27, 32.12pt x 32.12pt>
File: figures/cropped/baldwin34.jpg Graphic file (type jpg)

<use figures/cropped/baldwin34.jpg>
Package pdftex.def Info: figures/cropped/baldwin34.jpg used on input line 285.
(pdftex.def)             Requested size: 82.20854pt x 82.2151pt.

<figures/cropped/drescher126.jpg, id=28, 32.12pt x 32.12pt>
File: figures/cropped/drescher126.jpg Graphic file (type jpg)

<use figures/cropped/drescher126.jpg>
Package pdftex.def Info: figures/cropped/drescher126.jpg used on input line 290
.
(pdftex.def)             Requested size: 82.20854pt x 82.2151pt.

<figures/cropped/radcliffe129.jpg, id=29, 32.12pt x 32.12pt>
File: figures/cropped/radcliffe129.jpg Graphic file (type jpg)

<use figures/cropped/radcliffe129.jpg>
Package pdftex.def Info: figures/cropped/radcliffe129.jpg used on input line 29
5.
(pdftex.def)             Requested size: 82.20854pt x 82.2151pt.

Overfull \hbox (23.4963pt too wide) in paragraph at lines 283--298
[]$[]$$[]$$[]$ 
 []

<figures/uncropped/baldwin34.jpg, id=30, 385.44pt x 289.08pt>
File: figures/uncropped/baldwin34.jpg Graphic file (type jpg)

<use figures/uncropped/baldwin34.jpg>
Package pdftex.def Info: figures/uncropped/baldwin34.jpg used on input line 301
.
(pdftex.def)             Requested size: 82.20854pt x 61.65254pt.

<figures/uncropped/drescher126.jpg, id=31, 414.54875pt x 596.2275pt>
File: figures/uncropped/drescher126.jpg Graphic file (type jpg)

<use figures/uncropped/drescher126.jpg>
Package pdftex.def Info: figures/uncropped/drescher126.jpg used on input line 3
07.
(pdftex.def)             Requested size: 82.20854pt x 118.23354pt.

<figures/uncropped/radcliffe129.jpg, id=32, 301.125pt x 401.5pt>
File: figures/uncropped/radcliffe129.jpg Graphic file (type jpg)

<use figures/uncropped/radcliffe129.jpg>
Package pdftex.def Info: figures/uncropped/radcliffe129.jpg used on input line 
313.
(pdftex.def)             Requested size: 82.20854pt x 109.61334pt.

Overfull \hbox (23.4963pt too wide) in paragraph at lines 299--317
[]$[]$$[]$$[]$ 
 []

[3

 <./figures/cropped/baldwin1.jpg> <./figures/cropped/baldwin2.jpg> <./figures/c
ropped/baldwin3.jpg> <./figures/uncropped/baldwin1.jpg> <./figures/uncropped/ba
ldwin2.jpg> <./figures/uncropped/baldwin3.jpg> <./figures/cropped/baldwin31.jpg
> <./figures/cropped/baldwin44.jpg> <./figures/uncropped/baldwin31.jpg> <./figu
res/uncropped/baldwin44.jpg>]
<figures/cropped/bracco89.jpg, id=36, 32.12pt x 32.12pt>
File: figures/cropped/bracco89.jpg Graphic file (type jpg)

<use figures/cropped/bracco89.jpg>
Package pdftex.def Info: figures/cropped/bracco89.jpg used on input line 324.
(pdftex.def)             Requested size: 82.20854pt x 82.2151pt.

<figures/cropped/hader4.jpg, id=37, 32.12pt x 32.12pt>
File: figures/cropped/hader4.jpg Graphic file (type jpg)

<use figures/cropped/hader4.jpg>
Package pdftex.def Info: figures/cropped/hader4.jpg used on input line 329.
(pdftex.def)             Requested size: 82.20854pt x 82.2151pt.

<figures/cropped/chenoweth13.jpg, id=38, 32.12pt x 32.12pt>
File: figures/cropped/chenoweth13.jpg Graphic file (type jpg)

<use figures/cropped/chenoweth13.jpg>
Package pdftex.def Info: figures/cropped/chenoweth13.jpg used on input line 334
.
(pdftex.def)             Requested size: 82.20854pt x 82.2151pt.

Overfull \hbox (23.4963pt too wide) in paragraph at lines 322--337
[]$[]$$[]$$[]$ 
 []

<figures/uncropped/bracco89.jpg, id=39, 78.5334pt x 144.54pt>
File: figures/uncropped/bracco89.jpg Graphic file (type jpg)

<use figures/uncropped/bracco89.jpg>
Package pdftex.def Info: figures/uncropped/bracco89.jpg used on input line 340.

(pdftex.def)             Requested size: 82.20854pt x 151.30609pt.

<figures/uncropped/carell39.jpg, id=40, 1110.0672pt x 738.5994pt>
File: figures/uncropped/carell39.jpg Graphic file (type jpg)

<use figures/uncropped/carell39.jpg>
Package pdftex.def Info: figures/uncropped/carell39.jpg used on input line 346.

(pdftex.def)             Requested size: 82.20854pt x 54.69382pt.

<figures/uncropped/chenoweth13.jpg, id=41, 1110.0672pt x 738.5994pt>
File: figures/uncropped/chenoweth13.jpg Graphic file (type jpg)

<use figures/uncropped/chenoweth13.jpg>
Package pdftex.def Info: figures/uncropped/chenoweth13.jpg used on input line 3
52.
(pdftex.def)             Requested size: 82.20854pt x 54.69382pt.

Overfull \hbox (23.4963pt too wide) in paragraph at lines 338--356
[]$[]$$[]$$[]$ 
 []

[4 <./figures/cropped/baldwin34.jpg> <./figures/cropped/drescher126.jpg> <./fig
ures/cropped/radcliffe129.jpg> <./figures/uncropped/baldwin34.jpg> <./figures/u
ncropped/drescher126.jpg> <./figures/uncropped/radcliffe129.jpg> <./figures/cro
pped/bracco89.jpg> <./figures/cropped/hader4.jpg> <./figures/cropped/chenoweth1
3.jpg> <./figures/uncropped/bracco89.jpg> <./figures/uncropped/carell39.jpg> <.
/figures/uncropped/chenoweth13.jpg>] [5

]
LaTeX Font Info:    Try loading font information for T1+pcr on input line 413.

(/usr/local/texlive/2017/texmf-dist/tex/latex/psnfss/t1pcr.fd
File: t1pcr.fd 2001/06/04 font definitions for T1/pcr.
) [6

]
LaTeX Font Info:    Try loading font information for OMS+cmr on input line 443.


(/usr/local/texlive/2017/texmf-dist/tex/latex/base/omscmr.fd
File: omscmr.fd 2014/09/29 v2.5h Standard LaTeX font definitions
)
LaTeX Font Info:    Font shape `OMS/cmr/m/n' in size <10> not available
(Font)              Font shape `OMS/cmsy/m/n' tried instead on input line 443.

<figures/part3f1.jpg, id=63, 433.62pt x 289.08pt>
File: figures/part3f1.jpg Graphic file (type jpg)
 <use figures/part3f1.jpg>
Package pdftex.def Info: figures/part3f1.jpg used on input line 479.
(pdftex.def)             Requested size: 211.38829pt x 140.92703pt.

<figures/part3f2.jpg, id=64, 433.62pt x 289.08pt>
File: figures/part3f2.jpg Graphic file (type jpg)
 <use figures/part3f2.jpg>
Package pdftex.def Info: figures/part3f2.jpg used on input line 484.
(pdftex.def)             Requested size: 211.38829pt x 140.92703pt.

[7 <./figures/part3f1.jpg> <./figures/part3f2.jpg>] [8]
<figures/part4f1.jpg, id=73, 433.62pt x 289.08pt>
File: figures/part4f1.jpg Graphic file (type jpg)
 <use figures/part4f1.jpg>
Package pdftex.def Info: figures/part4f1.jpg used on input line 516.
(pdftex.def)             Requested size: 260.17401pt x 173.44933pt.

<figures/part4f2.jpg, id=74, 433.62pt x 289.08pt>
File: figures/part4f2.jpg Graphic file (type jpg)
 <use figures/part4f2.jpg>
Package pdftex.def Info: figures/part4f2.jpg used on input line 524.
(pdftex.def)             Requested size: 260.17401pt x 173.44933pt.

[9

 <./figures/part4f1.jpg> <./figures/part4f2.jpg>]
<figures/part4f5.jpg, id=78, 433.62pt x 289.08pt>
File: figures/part4f5.jpg Graphic file (type jpg)
 <use figures/part4f5.jpg>
Package pdftex.def Info: figures/part4f5.jpg used on input line 541.
(pdftex.def)             Requested size: 211.38829pt x 140.92703pt.

<figures/part4f6.jpg, id=79, 433.62pt x 289.08pt>
File: figures/part4f6.jpg Graphic file (type jpg)
 <use figures/part4f6.jpg>
Package pdftex.def Info: figures/part4f6.jpg used on input line 547.
(pdftex.def)             Requested size: 211.38829pt x 140.92703pt.

<figures/part4f3.jpg, id=80, 433.62pt x 289.08pt>
File: figures/part4f3.jpg Graphic file (type jpg)
 <use figures/part4f3.jpg>
Package pdftex.def Info: figures/part4f3.jpg used on input line 564.
(pdftex.def)             Requested size: 211.38829pt x 140.92703pt.

<figures/part4f4.jpg, id=81, 433.62pt x 289.08pt>
File: figures/part4f4.jpg Graphic file (type jpg)
 <use figures/part4f4.jpg>
Package pdftex.def Info: figures/part4f4.jpg used on input line 570.
(pdftex.def)             Requested size: 211.38829pt x 140.92703pt.

[10

 <./figures/part4f5.jpg> <./figures/part4f6.jpg> <./figures/part4f3.jpg> <./fig
ures/part4f4.jpg>] [11] <figures/part5f1.jpg, id=89, 433.62pt x 289.08pt>
File: figures/part5f1.jpg Graphic file (type jpg)

<use figures/part5f1.jpg>
Package pdftex.def Info: figures/part5f1.jpg used on input line 617.
(pdftex.def)             Requested size: 346.89647pt x 231.2643pt.
 [12

 <./figures/part5f1.jpg>] [13] [14

]
Underfull \hbox (badness 10000) in paragraph at lines 658--659

 []


Underfull \hbox (badness 10000) in paragraph at lines 672--673

 []

[15

] [16

] [17

] <figures/part6f1.jpg, id=109, 433.62pt x 289.08pt>
File: figures/part6f1.jpg Graphic file (type jpg)

<use figures/part6f1.jpg>
Package pdftex.def Info: figures/part6f1.jpg used on input line 760.
(pdftex.def)             Requested size: 281.84966pt x 187.89977pt.
 [18

 <./figures/part6f1.jpg>]
<figures/part7f1.jpg, id=113, 433.62pt x 289.08pt>
File: figures/part7f1.jpg Graphic file (type jpg)
 <use figures/part7f1.jpg>
Package pdftex.def Info: figures/part7f1.jpg used on input line 782.
(pdftex.def)             Requested size: 211.38829pt x 140.92703pt.

<figures/part7f2.jpg, id=114, 433.62pt x 289.08pt>
File: figures/part7f2.jpg Graphic file (type jpg)
 <use figures/part7f2.jpg>
Package pdftex.def Info: figures/part7f2.jpg used on input line 787.
(pdftex.def)             Requested size: 211.38829pt x 140.92703pt.

<figures/part7f3.jpg, id=115, 433.62pt x 289.08pt>
File: figures/part7f3.jpg Graphic file (type jpg)
 <use figures/part7f3.jpg>
Package pdftex.def Info: figures/part7f3.jpg used on input line 798.
(pdftex.def)             Requested size: 281.84966pt x 187.89977pt.

[19

 <./figures/part7f1.jpg> <./figures/part7f2.jpg> <./figures/part7f3.jpg>]
[20] <figures/part8f1.jpg, id=123, 32.12pt x 32.12pt>
File: figures/part8f1.jpg Graphic file (type jpg)

<use figures/part8f1.jpg>
Package pdftex.def Info: figures/part8f1.jpg used on input line 827.
(pdftex.def)             Requested size: 82.20854pt x 82.2151pt.
 <figures/part8f2.jpg, id=125, 32.12pt x 32.12pt>
File: figures/part8f2.jpg Graphic file (type jpg)

<use figures/part8f2.jpg>
Package pdftex.def Info: figures/part8f2.jpg used on input line 833.
(pdftex.def)             Requested size: 82.20854pt x 82.2151pt.
 <figures/part8f3.jpg, id=126, 32.12pt x 32.12pt>
File: figures/part8f3.jpg Graphic file (type jpg)

<use figures/part8f3.jpg>
Package pdftex.def Info: figures/part8f3.jpg used on input line 839.
(pdftex.def)             Requested size: 82.20854pt x 82.2151pt.

Overfull \hbox (23.4963pt too wide) in paragraph at lines 825--843
[]$[]$$[]$$[]$ 
 []

<figures/part8f4.jpg, id=127, 32.12pt x 32.12pt>
File: figures/part8f4.jpg Graphic file (type jpg)
 <use figures/part8f4.jpg>
Package pdftex.def Info: figures/part8f4.jpg used on input line 846.
(pdftex.def)             Requested size: 82.20854pt x 82.2151pt.

<figures/part8f5.jpg, id=128, 32.12pt x 32.12pt>
File: figures/part8f5.jpg Graphic file (type jpg)
 <use figures/part8f5.jpg>
Package pdftex.def Info: figures/part8f5.jpg used on input line 852.
(pdftex.def)             Requested size: 82.20854pt x 82.2151pt.

<figures/part8f6.jpg, id=129, 32.12pt x 32.12pt>
File: figures/part8f6.jpg Graphic file (type jpg)
 <use figures/part8f6.jpg>
Package pdftex.def Info: figures/part8f6.jpg used on input line 858.
(pdftex.def)             Requested size: 82.20854pt x 82.2151pt.

Overfull \hbox (23.4963pt too wide) in paragraph at lines 844--862
[]$[]$$[]$$[]$ 
 []

[21

 <./figures/part8f1.jpg> <./figures/part8f2.jpg> <./figures/part8f3.jpg> <./fig
ures/part8f4.jpg> <./figures/part8f5.jpg> <./figures/part8f6.jpg>]

AED: lastpage setting LastPage
(./faces.aux)

LaTeX Warning: There were multiply-defined labels.

 ) 
Here is how much of TeX's memory you used:
 5760 strings out of 492995
 87018 string characters out of 6132704
 292478 words of memory out of 5000000
 9174 multiletter control sequences out of 15000+600000
 21008 words of font info for 73 fonts, out of 8000000 for 9000
 1141 hyphenation exceptions out of 8191
 42i,14n,43p,1216b,1408s stack positions out of 5000i,500n,10000p,200000b,80000s
{/usr/local/texlive/2017/texmf-dist/fonts/enc/dvips/base/8r.enc}</usr/local/t
exlive/2017/texmf-dist/fonts/type1/public/amsfonts/cm/cmbx10.pfb></usr/local/te
xlive/2017/texmf-dist/fonts/type1/public/amsfonts/cm/cmbx12.pfb></usr/local/tex
live/2017/texmf-dist/fonts/type1/public/amsfonts/cm/cmbx9.pfb></usr/local/texli
ve/2017/texmf-dist/fonts/type1/public/amsfonts/cm/cmbxti10.pfb></usr/local/texl
ive/2017/texmf-dist/fonts/type1/public/amsfonts/cm/cmex10.pfb></usr/local/texli
ve/2017/texmf-dist/fonts/type1/public/amsfonts/cm/cmmi10.pfb></usr/local/texliv
e/2017/texmf-dist/fonts/type1/public/amsfonts/cm/cmmi7.pfb></usr/local/texlive/
2017/texmf-dist/fonts/type1/public/amsfonts/cm/cmmi9.pfb></usr/local/texlive/20
17/texmf-dist/fonts/type1/public/amsfonts/cm/cmmib10.pfb></usr/local/texlive/20
17/texmf-dist/fonts/type1/public/amsfonts/cmextra/cmmib7.pfb></usr/local/texliv
e/2017/texmf-dist/fonts/type1/public/amsfonts/cm/cmr10.pfb></usr/local/texlive/
2017/texmf-dist/fonts/type1/public/amsfonts/cm/cmr12.pfb></usr/local/texlive/20
17/texmf-dist/fonts/type1/public/amsfonts/cm/cmr17.pfb></usr/local/texlive/2017
/texmf-dist/fonts/type1/public/amsfonts/cm/cmr5.pfb></usr/local/texlive/2017/te
xmf-dist/fonts/type1/public/amsfonts/cm/cmr7.pfb></usr/local/texlive/2017/texmf
-dist/fonts/type1/public/amsfonts/cm/cmr9.pfb></usr/local/texlive/2017/texmf-di
st/fonts/type1/public/amsfonts/cm/cmsl10.pfb></usr/local/texlive/2017/texmf-dis
t/fonts/type1/public/amsfonts/cm/cmsy10.pfb></usr/local/texlive/2017/texmf-dist
/fonts/type1/public/amsfonts/cm/cmsy7.pfb></usr/local/texlive/2017/texmf-dist/f
onts/type1/public/amsfonts/cm/cmti10.pfb></usr/local/texlive/2017/texmf-dist/fo
nts/type1/urw/courier/ucrr8a.pfb></usr/local/texlive/2017/texmf-dist/fonts/type
1/urw/courier/ucrro8a.pfb>
Output written on faces.pdf (21 pages, 2394532 bytes).
PDF statistics:
 210 PDF objects out of 1000 (max. 8388607)
 116 compressed objects within 2 object streams
 0 named destinations out of 1000 (max. 500000)
 206 words of extra memory for PDF output out of 10000 (max. 10000000)

